#! /opt/local/bin/vvp
:ivl_version "11.0 (stable)" "(v11_0)";
:ivl_delay_selection "TYPICAL";
:vpi_time_precision + 0;
:vpi_module "/opt/local/lib/ivl/system.vpi";
:vpi_module "/opt/local/lib/ivl/vhdl_sys.vpi";
:vpi_module "/opt/local/lib/ivl/vhdl_textio.vpi";
:vpi_module "/opt/local/lib/ivl/v2005_math.vpi";
:vpi_module "/opt/local/lib/ivl/va_math.vpi";
S_0x13cf04300 .scope module, "tb" "tb" 2 22;
 .timescale 0 0;
P_0x13cf04470 .param/l "delay" 0 2 23, +C4<00000000000000000000000000000101>;
v0x13cf15280_0 .var "CLK", 0 0;
v0x13cf15310_0 .var/i "i", 31 0;
v0x13cf153a0_0 .var "x_in", 0 0;
v0x13cf15450_0 .net "y_out", 0 0, L_0x13cf15b80;  1 drivers
S_0x13cf04580 .scope module, "p1" "problem1" 2 27, 2 1 0, S_0x13cf04300;
 .timescale 0 0;
    .port_info 0 /INPUT 1 "x";
    .port_info 1 /OUTPUT 1 "y";
    .port_info 2 /INPUT 1 "Clock";
L_0x130040058 .functor BUFT 1, C4<0>, C4<0>, C4<0>, C4<0>;
L_0x13cf15640 .functor XNOR 1, v0x13cf153a0_0, L_0x130040058, C4<0>, C4<0>;
L_0x13cf15770 .functor AND 1, L_0x13cf15520, L_0x13cf15640, C4<1>, C4<1>;
L_0x1300400e8 .functor BUFT 1, C4<1>, C4<0>, C4<0>, C4<0>;
L_0x13cf159a0 .functor XNOR 1, v0x13cf153a0_0, L_0x1300400e8, C4<0>, C4<0>;
L_0x13cf15a50 .functor AND 1, L_0x13cf15860, L_0x13cf159a0, C4<1>, C4<1>;
L_0x13cf15b80 .functor OR 1, L_0x13cf15770, L_0x13cf15a50, C4<0>, C4<0>;
v0x13cf047b0_0 .net "Clock", 0 0, v0x13cf15280_0;  1 drivers
L_0x130040010 .functor BUFT 1, C4<00>, C4<0>, C4<0>, C4<0>;
v0x13cf14860_0 .net/2u *"_ivl_0", 1 0, L_0x130040010;  1 drivers
L_0x1300400a0 .functor BUFT 1, C4<10>, C4<0>, C4<0>, C4<0>;
v0x13cf14910_0 .net/2u *"_ivl_10", 1 0, L_0x1300400a0;  1 drivers
v0x13cf149d0_0 .net *"_ivl_12", 0 0, L_0x13cf15860;  1 drivers
v0x13cf14a70_0 .net/2u *"_ivl_14", 0 0, L_0x1300400e8;  1 drivers
v0x13cf14b60_0 .net *"_ivl_16", 0 0, L_0x13cf159a0;  1 drivers
v0x13cf14c00_0 .net *"_ivl_19", 0 0, L_0x13cf15a50;  1 drivers
v0x13cf14ca0_0 .net *"_ivl_2", 0 0, L_0x13cf15520;  1 drivers
v0x13cf14d40_0 .net/2u *"_ivl_4", 0 0, L_0x130040058;  1 drivers
v0x13cf14e50_0 .net *"_ivl_6", 0 0, L_0x13cf15640;  1 drivers
v0x13cf14ef0_0 .net *"_ivl_9", 0 0, L_0x13cf15770;  1 drivers
v0x13cf14f90_0 .var "state", 1 0;
v0x13cf15040_0 .var "tmp", 1 0;
v0x13cf150f0_0 .net "x", 0 0, v0x13cf153a0_0;  1 drivers
v0x13cf15190_0 .net "y", 0 0, L_0x13cf15b80;  alias, 1 drivers
E_0x13cf04740/0 .event edge, v0x13cf150f0_0;
E_0x13cf04740/1 .event posedge, v0x13cf047b0_0;
E_0x13cf04740 .event/or E_0x13cf04740/0, E_0x13cf04740/1;
E_0x13cf04770 .event posedge, v0x13cf047b0_0;
L_0x13cf15520 .cmp/eq 2, v0x13cf14f90_0, L_0x130040010;
L_0x13cf15860 .cmp/eq 2, v0x13cf14f90_0, L_0x1300400a0;
    .scope S_0x13cf04580;
T_0 ;
    %pushi/vec4 0, 0, 2;
    %store/vec4 v0x13cf14f90_0, 0, 2;
    %pushi/vec4 0, 0, 2;
    %store/vec4 v0x13cf15040_0, 0, 2;
    %end;
    .thread T_0;
    .scope S_0x13cf04580;
T_1 ;
    %wait E_0x13cf04770;
    %load/vec4 v0x13cf15040_0;
    %assign/vec4 v0x13cf14f90_0, 0;
    %jmp T_1;
    .thread T_1;
    .scope S_0x13cf04580;
T_2 ;
    %wait E_0x13cf04740;
    %load/vec4 v0x13cf150f0_0;
    %cmpi/e 1, 0, 1;
    %jmp/0xz  T_2.0, 4;
    %load/vec4 v0x13cf14f90_0;
    %dup/vec4;
    %pushi/vec4 0, 0, 2;
    %cmp/u;
    %jmp/1 T_2.2, 6;
    %dup/vec4;
    %pushi/vec4 1, 0, 2;
    %cmp/u;
    %jmp/1 T_2.3, 6;
    %dup/vec4;
    %pushi/vec4 2, 0, 2;
    %cmp/u;
    %jmp/1 T_2.4, 6;
    %jmp T_2.5;
T_2.2 ;
    %pushi/vec4 1, 0, 2;
    %store/vec4 v0x13cf15040_0, 0, 2;
    %jmp T_2.5;
T_2.3 ;
    %pushi/vec4 2, 0, 2;
    %store/vec4 v0x13cf15040_0, 0, 2;
    %jmp T_2.5;
T_2.4 ;
    %pushi/vec4 0, 0, 2;
    %store/vec4 v0x13cf15040_0, 0, 2;
    %jmp T_2.5;
T_2.5 ;
    %pop/vec4 1;
T_2.0 ;
    %jmp T_2;
    .thread T_2;
    .scope S_0x13cf04300;
T_3 ;
    %pushi/vec4 0, 0, 1;
    %store/vec4 v0x13cf15280_0, 0, 1;
    %vpi_call 2 30 "$display" {0 0 0};
    %vpi_call 2 31 "$display", "  time \342\224\202 x_in \342\224\202 y_out" {0 0 0};
    %pushi/vec4 0, 0, 32;
    %store/vec4 v0x13cf15310_0, 0, 32;
T_3.0 ;
    %load/vec4 v0x13cf15310_0;
    %cmpi/s 16, 0, 32;
    %jmp/0xz T_3.1, 5;
    %vpi_func 2 33 "$urandom" 32 {0 0 0};
    %pushi/vec4 2, 0, 32;
    %and;
    %pushi/vec4 2, 0, 32;
    %cmp/e;
    %flag_get/vec4 4;
    %store/vec4 v0x13cf153a0_0, 0, 1;
    %delay 5, 0;
    %load/vec4 v0x13cf15280_0;
    %inv;
    %store/vec4 v0x13cf15280_0, 0, 1;
    %vpi_call 2 36 "$display", "   %3d \342\224\202    %b \342\224\202 %b", $time, v0x13cf153a0_0, v0x13cf15450_0 {0 0 0};
    %delay 5, 0;
    %load/vec4 v0x13cf15280_0;
    %inv;
    %store/vec4 v0x13cf15280_0, 0, 1;
    %load/vec4 v0x13cf15310_0;
    %addi 1, 0, 32;
    %store/vec4 v0x13cf15310_0, 0, 32;
    %jmp T_3.0;
T_3.1 ;
    %vpi_call 2 42 "$display" {0 0 0};
    %vpi_call 2 43 "$finish" {0 0 0};
    %end;
    .thread T_3;
# The file index is used to find the file name in the following table.
:file_names 3;
    "N/A";
    "<interactive>";
    "1.v";
