#! /opt/local/bin/vvp
:ivl_version "11.0 (stable)" "(v11_0)";
:ivl_delay_selection "TYPICAL";
:vpi_time_precision + 0;
:vpi_module "/opt/local/lib/ivl/system.vpi";
:vpi_module "/opt/local/lib/ivl/vhdl_sys.vpi";
:vpi_module "/opt/local/lib/ivl/vhdl_textio.vpi";
:vpi_module "/opt/local/lib/ivl/v2005_math.vpi";
:vpi_module "/opt/local/lib/ivl/va_math.vpi";
S_0x12b60ab20 .scope module, "tb" "tb" 2 28;
 .timescale 0 0;
P_0x12b60b780 .param/l "delay" 0 2 29, +C4<00000000000000000000000000000101>;
v0x12b622c60_0 .var "CLK", 0 0;
v0x12b622d00_0 .var/i "i", 31 0;
v0x12b622da0_0 .var "x_in", 1 0;
v0x12b622e70_0 .net "y_out", 0 0, L_0x12b622f40;  1 drivers
S_0x12b60ac90 .scope module, "p2" "Problem2" 2 34, 2 1 0, S_0x12b60ab20;
 .timescale 0 0;
    .port_info 0 /INPUT 2 "x";
    .port_info 1 /OUTPUT 1 "y";
    .port_info 2 /INPUT 1 "CLK";
v0x12b607f10_0 .net "CLK", 0 0, v0x12b622c60_0;  1 drivers
L_0x130078010 .functor BUFT 1, C4<11>, C4<0>, C4<0>, C4<0>;
v0x12b622880_0 .net/2u *"_ivl_0", 1 0, L_0x130078010;  1 drivers
v0x12b622930_0 .var "next", 1 0;
v0x12b6229f0_0 .var "state", 1 0;
v0x12b622aa0_0 .net "x", 1 0, v0x12b622da0_0;  1 drivers
v0x12b622b90_0 .net "y", 0 0, L_0x12b622f40;  alias, 1 drivers
E_0x12b60f420 .event edge, v0x12b6229f0_0, v0x12b622aa0_0;
E_0x12b60b9d0 .event posedge, v0x12b607f10_0;
L_0x12b622f40 .cmp/eq 2, v0x12b6229f0_0, L_0x130078010;
    .scope S_0x12b60ac90;
T_0 ;
    %pushi/vec4 0, 0, 2;
    %store/vec4 v0x12b6229f0_0, 0, 2;
    %pushi/vec4 0, 0, 2;
    %store/vec4 v0x12b622930_0, 0, 2;
    %end;
    .thread T_0;
    .scope S_0x12b60ac90;
T_1 ;
    %wait E_0x12b60b9d0;
    %load/vec4 v0x12b622930_0;
    %store/vec4 v0x12b6229f0_0, 0, 2;
    %jmp T_1;
    .thread T_1;
    .scope S_0x12b60ac90;
T_2 ;
    %wait E_0x12b60f420;
    %load/vec4 v0x12b622aa0_0;
    %dup/vec4;
    %pushi/vec4 0, 0, 2;
    %cmp/u;
    %jmp/1 T_2.0, 6;
    %dup/vec4;
    %pushi/vec4 1, 0, 2;
    %cmp/u;
    %jmp/1 T_2.1, 6;
    %dup/vec4;
    %pushi/vec4 2, 0, 2;
    %cmp/u;
    %jmp/1 T_2.2, 6;
    %dup/vec4;
    %pushi/vec4 3, 0, 2;
    %cmp/u;
    %jmp/1 T_2.3, 6;
    %jmp T_2.4;
T_2.0 ;
    %load/vec4 v0x12b6229f0_0;
    %cmpi/e 0, 0, 2;
    %jmp/0xz  T_2.5, 4;
    %pushi/vec4 3, 0, 2;
    %store/vec4 v0x12b622930_0, 0, 2;
    %jmp T_2.6;
T_2.5 ;
    %load/vec4 v0x12b6229f0_0;
    %cmpi/e 3, 0, 2;
    %jmp/0xz  T_2.7, 4;
    %pushi/vec4 2, 0, 2;
    %store/vec4 v0x12b622930_0, 0, 2;
T_2.7 ;
T_2.6 ;
    %jmp T_2.4;
T_2.1 ;
    %pushi/vec4 0, 0, 2;
    %store/vec4 v0x12b622930_0, 0, 2;
    %jmp T_2.4;
T_2.2 ;
    %pushi/vec4 0, 0, 2;
    %store/vec4 v0x12b622930_0, 0, 2;
    %jmp T_2.4;
T_2.3 ;
    %load/vec4 v0x12b6229f0_0;
    %cmpi/e 0, 0, 2;
    %jmp/0xz  T_2.9, 4;
    %pushi/vec4 3, 0, 2;
    %store/vec4 v0x12b622930_0, 0, 2;
    %jmp T_2.10;
T_2.9 ;
    %load/vec4 v0x12b6229f0_0;
    %cmpi/e 3, 0, 2;
    %jmp/0xz  T_2.11, 4;
    %pushi/vec4 2, 0, 2;
    %store/vec4 v0x12b622930_0, 0, 2;
T_2.11 ;
T_2.10 ;
    %jmp T_2.4;
T_2.4 ;
    %pop/vec4 1;
    %jmp T_2;
    .thread T_2, $push;
    .scope S_0x12b60ab20;
T_3 ;
    %pushi/vec4 0, 0, 1;
    %store/vec4 v0x12b622c60_0, 0, 1;
    %vpi_call 2 37 "$display" {0 0 0};
    %vpi_call 2 38 "$display", "  time \342\224\202 x_in \342\224\202 y_out" {0 0 0};
    %pushi/vec4 0, 0, 32;
    %store/vec4 v0x12b622d00_0, 0, 32;
T_3.0 ;
    %load/vec4 v0x12b622d00_0;
    %cmpi/s 16, 0, 32;
    %jmp/0xz T_3.1, 5;
    %vpi_func 2 40 "$urandom" 32 {0 0 0};
    %pushi/vec4 2, 0, 32;
    %and;
    %pushi/vec4 2, 0, 32;
    %cmp/e;
    %flag_get/vec4 4;
    %ix/load 4, 0, 0;
    %flag_set/imm 4, 0;
    %store/vec4 v0x12b622da0_0, 4, 1;
    %vpi_func 2 41 "$urandom" 32 {0 0 0};
    %pushi/vec4 2, 0, 32;
    %and;
    %pushi/vec4 2, 0, 32;
    %cmp/e;
    %flag_get/vec4 4;
    %ix/load 4, 1, 0;
    %flag_set/imm 4, 0;
    %store/vec4 v0x12b622da0_0, 4, 1;
    %delay 5, 0;
    %load/vec4 v0x12b622c60_0;
    %inv;
    %store/vec4 v0x12b622c60_0, 0, 1;
    %delay 1, 0;
    %vpi_call 2 44 "$display", "   %3d \342\224\202    %2b \342\224\202 %b", $time, v0x12b622da0_0, v0x12b622e70_0 {0 0 0};
    %delay 4, 0;
    %load/vec4 v0x12b622c60_0;
    %inv;
    %store/vec4 v0x12b622c60_0, 0, 1;
    %load/vec4 v0x12b622d00_0;
    %addi 1, 0, 32;
    %store/vec4 v0x12b622d00_0, 0, 32;
    %jmp T_3.0;
T_3.1 ;
    %vpi_call 2 50 "$display" {0 0 0};
    %vpi_call 2 51 "$finish" {0 0 0};
    %end;
    .thread T_3;
# The file index is used to find the file name in the following table.
:file_names 3;
    "N/A";
    "<interactive>";
    "2.v";
